{
  "RSpec": {
    "coverage": {
      "/Users/kotla/Documents/Ruby_Learning/adopt_india/app/helpers/application_helper.rb": [
        1,
        1,
        0,
        0,
        0,
        null,
        0,
        null,
        null,
        null,
        1,
        0,
        0,
        0,
        0,
        0,
        null,
        0,
        0,
        null,
        null,
        null
      ],
      "/Users/kotla/Documents/Ruby_Learning/adopt_india/app/helpers/issues_helper.rb": [
        1,
        null
      ],
      "/Users/kotla/Documents/Ruby_Learning/adopt_india/app/helpers/sessions_helper.rb": [
        1,
        null,
        1,
        0,
        0,
        null,
        null,
        null,
        1,
        0,
        null,
        null,
        1,
        0,
        0,
        0,
        0,
        0,
        0,
        0,
        null,
        null,
        null,
        null,
        null,
        1,
        0,
        null,
        null,
        1,
        null,
        0,
        0,
        null,
        null,
        null,
        1,
        0,
        0,
        null,
        null,
        null,
        1,
        0,
        null,
        null,
        null
      ],
      "/Users/kotla/Documents/Ruby_Learning/adopt_india/app/helpers/users_helper.rb": [
        1,
        null,
        1,
        1,
        0,
        0,
        0,
        null,
        null,
        null
      ],
      "/Users/kotla/Documents/Ruby_Learning/adopt_india/app/models/user.rb": [
        1,
        1,
        1,
        1,
        1,
        1,
        null,
        1,
        null,
        0,
        null,
        0,
        0,
        0,
        0,
        0,
        0,
        0,
        0,
        null,
        null,
        null,
        null,
        null,
        null,
        null,
        null,
        1,
        1,
        null,
        null,
        1,
        0,
        null,
        null,
        1,
        0,
        null,
        null
      ],
      "/Users/kotla/Documents/Ruby_Learning/adopt_india/app/models/application_record.rb": [
        1,
        1,
        null
      ],
      "/Users/kotla/Documents/Ruby_Learning/adopt_india/app/models/social_interest.rb": [
        1,
        null,
        1,
        1,
        1,
        null,
        null,
        null,
        null,
        null,
        null,
        null,
        null,
        null,
        null
      ],
      "/Users/kotla/Documents/Ruby_Learning/adopt_india/app/models/issue.rb": [
        1,
        1,
        null,
        null,
        8,
        1,
        null,
        1,
        1,
        1,
        1,
        null,
        null
      ],
      "/Users/kotla/Documents/Ruby_Learning/adopt_india/app/uploaders/picture_uploader.rb": [
        null,
        null,
        1,
        null,
        null,
        null,
        null,
        null,
        null,
        1,
        null,
        null,
        null,
        null,
        1,
        0,
        null,
        null,
        null,
        null,
        null,
        null,
        null,
        null,
        null,
        null,
        null,
        null,
        null,
        null,
        null,
        null,
        null,
        null,
        null,
        null,
        null,
        null,
        null,
        null,
        null,
        null,
        null,
        null,
        null,
        null,
        null,
        null,
        null,
        null,
        null
      ],
      "/Users/kotla/Documents/Ruby_Learning/adopt_india/app/channels/application_cable/channel.rb": [
        0,
        0,
        0,
        0
      ],
      "/Users/kotla/Documents/Ruby_Learning/adopt_india/app/channels/application_cable/connection.rb": [
        0,
        0,
        0,
        0
      ],
      "/Users/kotla/Documents/Ruby_Learning/adopt_india/app/controllers/application_controller.rb": [
        0,
        0,
        0,
        0,
        0,
        0,
        0,
        0,
        0,
        0,
        0,
        0,
        0,
        0,
        0,
        0,
        0,
        0,
        0,
        0,
        0,
        0,
        0,
        0,
        0,
        0,
        0,
        0,
        0,
        0,
        0,
        0,
        0,
        0,
        0,
        0,
        0,
        0
      ],
      "/Users/kotla/Documents/Ruby_Learning/adopt_india/app/controllers/issues_controller.rb": [
        0,
        0,
        0,
        0,
        0,
        0,
        0,
        0,
        0,
        0,
        0,
        0,
        0,
        0,
        0,
        0,
        0,
        0,
        0,
        0,
        0,
        0,
        0,
        0,
        0,
        0,
        0,
        0,
        0,
        0,
        0,
        0,
        0,
        0,
        0,
        0,
        0,
        0,
        0
      ],
      "/Users/kotla/Documents/Ruby_Learning/adopt_india/app/controllers/sessions_controller.rb": [
        0,
        0,
        0,
        0,
        0,
        0,
        0,
        0,
        0,
        0,
        0,
        0,
        0,
        0,
        0,
        0,
        0,
        0,
        0,
        0,
        0,
        0,
        0,
        0,
        0,
        0,
        0,
        0,
        0
      ],
      "/Users/kotla/Documents/Ruby_Learning/adopt_india/app/controllers/users_controller.rb": [
        0,
        0,
        0,
        0,
        0,
        0,
        0,
        0,
        0,
        0,
        0,
        0,
        0,
        0,
        0,
        0,
        0,
        0,
        0,
        0,
        0,
        0,
        0,
        0,
        0,
        0,
        0,
        0,
        0,
        0,
        0,
        0,
        0,
        0,
        0,
        0,
        0,
        0,
        0,
        0,
        0,
        0,
        0,
        0,
        0,
        0,
        0,
        0,
        0,
        0,
        0,
        0,
        0,
        0,
        0,
        0,
        0,
        0,
        0,
        0,
        0,
        0,
        0
      ],
      "/Users/kotla/Documents/Ruby_Learning/adopt_india/app/jobs/application_job.rb": [
        0,
        0
      ],
      "/Users/kotla/Documents/Ruby_Learning/adopt_india/app/mailers/application_mailer.rb": [
        0,
        0,
        0,
        0
      ],
      "/Users/kotla/Documents/Ruby_Learning/adopt_india/app/models/authorization.rb": [
        0,
        0,
        0,
        0,
        0,
        0,
        0,
        0,
        0,
        0,
        0,
        0,
        0,
        0
      ],
      "/Users/kotla/Documents/Ruby_Learning/adopt_india/app/models/relationship.rb": [
        0,
        0
      ]
    },
    "timestamp": 1496998599
  }
}
